<?xml version="1.0" encoding="UTF-8"?>
<testsuite name="com.lahad.runners.CucumberRunner" tests="0" skipped="0" failures="0" errors="0" timestamp="1970-01-01T00:00:00" hostname="DESKTOP-72QHCA2" time="0.0">
  <properties/>
  <system-out><![CDATA[
1 Scenarios (1 passed)
3 Steps (3 passed)
0m0.656s


]]></system-out>
  <system-err><![CDATA[]]></system-err>
</testsuite>
